2026-04-29 14:59:37,132 [WARNING] <module>: bcrypt not installed — falling back to sha256. Run: pip install bcrypt
2026-04-29 14:59:42,344 [WARNING] <module>: bcrypt not installed — falling back to sha256. Run: pip install bcrypt
2026-04-29 14:59:44,697 [WARNING] <module>: bcrypt not installed — falling back to sha256. Run: pip install bcrypt
2026-04-29 14:59:44,912 [WARNING] <module>: bcrypt not installed — falling back to sha256. Run: pip install bcrypt
2026-04-29 14:59:45,067 [WARNING] <module>: bcrypt not installed — falling back to sha256. Run: pip install bcrypt
2026-04-29 15:00:13,689 [WARNING] <module>: bcrypt not installed — falling back to sha256. Run: pip install bcrypt
2026-04-29 15:00:13,853 [WARNING] <module>: bcrypt not installed — falling back to sha256. Run: pip install bcrypt
2026-04-29 15:00:16,349 [WARNING] <module>: bcrypt not installed — falling back to sha256. Run: pip install bcrypt
2026-04-29 15:00:16,515 [WARNING] <module>: bcrypt not installed — falling back to sha256. Run: pip install bcrypt
2026-04-29 15:00:20,288 [WARNING] <module>: bcrypt not installed — falling back to sha256. Run: pip install bcrypt
2026-04-29 15:00:20,473 [WARNING] <module>: bcrypt not installed — falling back to sha256. Run: pip install bcrypt
2026-04-29 15:00:21,701 [WARNING] <module>: bcrypt not installed — falling back to sha256. Run: pip install bcrypt
2026-04-29 15:00:21,902 [WARNING] <module>: bcrypt not installed — falling back to sha256. Run: pip install bcrypt
2026-04-29 15:00:31,822 [WARNING] <module>: bcrypt not installed — falling back to sha256. Run: pip install bcrypt
2026-04-29 15:00:46,858 [WARNING] <module>: bcrypt not installed — falling back to sha256. Run: pip install bcrypt
2026-04-29 15:00:50,261 [WARNING] <module>: bcrypt not installed — falling back to sha256. Run: pip install bcrypt
2026-04-29 15:00:51,353 [ERROR] _fetch: HTTP Error 404: {"quoteSummary":{"result":null,"error":{"code":"Not Found","description":"Quote not found for symbol: MAXHEALTH"}}}
2026-04-29 15:00:52,214 [WARNING] _build_financial_data: Error building financial data: list index out of range
2026-04-29 15:00:52,765 [ERROR] _fetch: HTTP Error 404: {"quoteSummary":{"result":null,"error":{"code":"Not Found","description":"Quote not found for symbol: MAXHEALTH"}}}
2026-04-29 15:01:24,399 [WARNING] <module>: bcrypt not installed — falling back to sha256. Run: pip install bcrypt
2026-04-29 15:01:29,619 [WARNING] <module>: bcrypt not installed — falling back to sha256. Run: pip install bcrypt
2026-04-29 15:01:30,392 [ERROR] _fetch: HTTP Error 404: {"quoteSummary":{"result":null,"error":{"code":"Not Found","description":"Quote not found for symbol: MAXHEALTH"}}}
2026-04-29 15:01:30,588 [WARNING] _build_financial_data: Error building financial data: list index out of range
2026-04-29 15:01:31,031 [ERROR] _fetch: HTTP Error 404: {"quoteSummary":{"result":null,"error":{"code":"Not Found","description":"Quote not found for symbol: MAXHEALTH"}}}
2026-04-29 15:01:35,086 [WARNING] <module>: bcrypt not installed — falling back to sha256. Run: pip install bcrypt
2026-04-29 15:03:06,292 [WARNING] <module>: bcrypt not installed — falling back to sha256. Run: pip install bcrypt
2026-04-29 15:03:06,477 [WARNING] <module>: bcrypt not installed — falling back to sha256. Run: pip install bcrypt
2026-04-29 15:03:08,484 [ERROR] _fetch: HTTP Error 404: {"quoteSummary":{"result":null,"error":{"code":"Not Found","description":"Quote not found for symbol: TATAMOTORS.NS"}}}
2026-04-29 15:03:11,319 [ERROR] _fetch: HTTP Error 404: {"quoteSummary":{"result":null,"error":{"code":"Not Found","description":"No fundamentals data found for symbol: ZOMATO.NS"}}}
2026-04-29 17:33:52,750 [WARNING] <module>: bcrypt not installed — falling back to sha256. Run: pip install bcrypt
2026-04-29 17:34:03,710 [WARNING] <module>: bcrypt not installed — falling back to sha256. Run: pip install bcrypt
2026-04-29 17:34:05,771 [WARNING] <module>: bcrypt not installed — falling back to sha256. Run: pip install bcrypt
2026-04-29 17:34:06,143 [WARNING] <module>: bcrypt not installed — falling back to sha256. Run: pip install bcrypt
2026-04-29 17:34:06,503 [WARNING] <module>: bcrypt not installed — falling back to sha256. Run: pip install bcrypt
2026-04-29 17:34:21,881 [WARNING] <module>: bcrypt not installed — falling back to sha256. Run: pip install bcrypt
2026-04-29 17:34:22,182 [WARNING] <module>: bcrypt not installed — falling back to sha256. Run: pip install bcrypt
2026-04-29 17:34:26,196 [WARNING] <module>: bcrypt not installed — falling back to sha256. Run: pip install bcrypt
2026-04-29 17:34:27,154 [WARNING] <module>: bcrypt not installed — falling back to sha256. Run: pip install bcrypt
2026-04-29 17:34:30,695 [WARNING] <module>: bcrypt not installed — falling back to sha256. Run: pip install bcrypt
2026-04-29 17:34:30,971 [WARNING] <module>: bcrypt not installed — falling back to sha256. Run: pip install bcrypt
2026-04-29 17:34:39,734 [WARNING] <module>: bcrypt not installed — falling back to sha256. Run: pip install bcrypt
2026-04-29 17:34:41,320 [WARNING] <module>: bcrypt not installed — falling back to sha256. Run: pip install bcrypt
2026-04-29 17:34:42,873 [WARNING] _build_financial_data: Error building financial data: list index out of range
2026-04-29 17:35:50,950 [WARNING] <module>: bcrypt not installed — falling back to sha256. Run: pip install bcrypt
2026-04-29 17:35:51,260 [WARNING] <module>: bcrypt not installed — falling back to sha256. Run: pip install bcrypt
2026-04-29 17:35:53,356 [ERROR] _fetch: HTTP Error 404: {"quoteSummary":{"result":null,"error":{"code":"Not Found","description":"Quote not found for symbol: TATAMOTORS.NS"}}}
2026-04-29 17:35:55,703 [ERROR] _fetch: HTTP Error 404: {"quoteSummary":{"result":null,"error":{"code":"Not Found","description":"No fundamentals data found for symbol: ZOMATO.NS"}}}
2026-04-29 17:38:40,009 [WARNING] <module>: bcrypt not installed — falling back to sha256. Run: pip install bcrypt
2026-04-29 17:38:40,339 [WARNING] <module>: bcrypt not installed — falling back to sha256. Run: pip install bcrypt
2026-04-29 17:39:38,167 [WARNING] <module>: bcrypt not installed — falling back to sha256. Run: pip install bcrypt
2026-04-29 17:39:38,487 [WARNING] <module>: bcrypt not installed — falling back to sha256. Run: pip install bcrypt
2026-04-29 17:39:51,652 [WARNING] <module>: bcrypt not installed — falling back to sha256. Run: pip install bcrypt
2026-04-29 17:39:51,971 [WARNING] <module>: bcrypt not installed — falling back to sha256. Run: pip install bcrypt
2026-04-29 17:40:46,537 [WARNING] <module>: bcrypt not installed — falling back to sha256. Run: pip install bcrypt
2026-04-29 17:40:46,871 [WARNING] <module>: bcrypt not installed — falling back to sha256. Run: pip install bcrypt
